<?xml version="1.0" encoding="UTF-8"?>
<testsuite xmlns:xsi="http://www.w3.org/2001/XMLSchema-instance" xsi:noNamespaceSchemaLocation="https://maven.apache.org/surefire/maven-surefire-plugin/xsd/surefire-test-report-3.0.xsd" version="3.0" name="org.suai.protocol.PeggyTest" time="3.862" tests="1" errors="0" skipped="0" failures="0">
  <properties>
[...]
</properties>
  <testcase name="testSetB" classname="org.suai.protocol.PeggyTest" time="3.831">
    <system-out><![CDATA[Prueba exitosa: La relación matemática en el método setB() es correcta.
]]></system-out>
  </testcase>
</testsuite>